[2026-04-20T02:58:07Z] === ENRICH ITERATION 15 START | repo=pandas-dev/pandas sha=366ccdfc ===
[2026-04-20T02:58:07Z] [iter=15] PHASE START: enrich repo=pandas-dev/pandas sha=366ccdfc runlog=/home/runner/work/forx/forx/storage/aggregate/lsp/logs/366ccdfc-enrich-iter-015.log output=/home/runner/work/forx/forx/storage/aggregate/lsp/366ccdfcd8ed1e5543bfb6d4ee0c9bc519898670.nq.gz
[2026-04-20T02:58:40Z] [iter=15] Step 1: Loading AST into disk-backed store mem_mb=79 MB
[2026-04-20T03:09:30Z] [iter=15] AST store loaded triples=27213315 load_secs=641 mem_mb=1115 MB
[2026-04-20T03:09:30Z] [iter=15] Step 2: Finding LSP targets mem_mb=1115 MB
[2026-04-20T03:10:49Z] [iter=15] LSP targets found call_sites=221488 imports=8539 extends=807 implements=0 secs=79
[2026-04-20T03:10:55Z] [iter=15] Loaded checkpoint partial graph triples=175336
[2026-04-20T03:12:07Z] [iter=15] Step 2.7: Building position index (one-shot, shared across resolvers) mem_mb=1115 MB
[2026-04-20T03:14:20Z] [iter=15] Position index built positions=1821689 nodes_with_types=2394343 secs=133 mem_mb=4328 MB
[2026-04-20T03:14:20Z] [iter=15] Step 3: Starting LSP resolution mem_mb=4328 MB already_completed_types=[] already_completed_files=62
[2026-04-20T03:14:20Z] [iter=15] Resolving target type target_type=call_site count=221488
[2026-04-20T03:14:21Z] [iter=15] HEARTBEAT target_type=call_site elapsed_min=16.2 files_done=0 resolved=0 errors=0 current=pandas/tests/reshape/test_crosstab.py
[2026-04-20T03:53:44Z] [iter=15] HEARTBEAT target_type=call_site elapsed_min=55.6 files_done=1 resolved=15 errors=258 current=pandas/tests/tslibs/test_array_to_datetime.py
[2026-04-20T03:58:45Z] [iter=15] HEARTBEAT target_type=call_site elapsed_min=60.6 files_done=2 resolved=85 errors=291 current=web/pandas_web.py
[2026-04-20T04:08:28Z] [iter=15] HEARTBEAT target_type=call_site elapsed_min=70.3 files_done=3 resolved=155 errors=354 current=pandas/tests/series/test_constructors.py
[2026-04-20T05:51:16Z] [iter=15] HEARTBEAT target_type=call_site elapsed_min=173.1 files_done=4 resolved=602 errors=1028 current=pandas/tests/indexing/multiindex/test_datetime.py
[2026-04-20T05:53:06Z] [iter=15] HEARTBEAT target_type=call_site elapsed_min=175.0 files_done=5 resolved=607 errors=1040 current=pandas/tests/util/test_assert_almost_equal.py
[2026-04-20T06:02:40Z] [iter=15] HEARTBEAT target_type=call_site elapsed_min=184.5 files_done=6 resolved=724 errors=1103 current=pandas/tests/arrays/categorical/test_astype.py
[2026-04-20T06:11:11Z] [iter=15] HEARTBEAT target_type=call_site elapsed_min=193.1 files_done=7 resolved=760 errors=1159 current=pandas/core/internals/blocks.py
[2026-04-20T06:54:25Z] [iter=15] HEARTBEAT target_type=call_site elapsed_min=236.3 files_done=8 resolved=940 errors=1443 current=pandas/tests/groupby/test_grouping.py
[2026-04-20T06:58:32Z] [iter=15] CHECKPOINT TRIGGERED elapsed_min=240.4 files_completed=70 new_files_this_iter=8 mem_mb=4359 MB
[2026-04-20T06:58:32Z] [iter=15] Writing partial enrichment graph path=/home/runner/work/forx/forx/storage/aggregate/lsp/366ccdfcd8ed1e5543bfb6d4ee0c9bc519898670.nq.gz triples=187050
[2026-04-20T06:58:37Z] [iter=15] Checkpoint written, exiting with code 7
[2026-04-20T06:58:37Z] [iter=15] PHASE END: enrich (checkpointed) elapsed_s=14425 elapsed_min=240.4 files_completed=70
