[2026-04-19T10:00:58Z] === ENRICH ITERATION 11 START | repo=pandas-dev/pandas sha=366ccdfc ===
[2026-04-19T10:00:58Z] [iter=11] PHASE START: enrich repo=pandas-dev/pandas sha=366ccdfc runlog=/home/runner/work/forx/forx/storage/aggregate/lsp/logs/366ccdfc-enrich-iter-011.log output=/home/runner/work/forx/forx/storage/aggregate/lsp/366ccdfcd8ed1e5543bfb6d4ee0c9bc519898670.nq.gz
[2026-04-19T10:01:22Z] [iter=11] Step 1: Loading AST into disk-backed store mem_mb=78 MB
[2026-04-19T10:06:54Z] [iter=11] AST store loaded triples=27213315 load_secs=322 mem_mb=1111 MB
[2026-04-19T10:06:54Z] [iter=11] Step 2: Finding LSP targets mem_mb=1111 MB
[2026-04-19T10:08:26Z] [iter=11] LSP targets found call_sites=221488 imports=8539 extends=807 implements=0 secs=92
[2026-04-19T10:08:32Z] [iter=11] Loaded checkpoint partial graph triples=141425
[2026-04-19T10:09:54Z] [iter=11] Step 2.7: Building position index (one-shot, shared across resolvers) mem_mb=1111 MB
[2026-04-19T10:12:40Z] [iter=11] Position index built positions=1821689 nodes_with_types=2394343 secs=167 mem_mb=4186 MB
[2026-04-19T10:12:40Z] [iter=11] Step 3: Starting LSP resolution mem_mb=4186 MB already_completed_types=[] already_completed_files=43
[2026-04-19T10:12:40Z] [iter=11] Resolving target type target_type=call_site count=221488
[2026-04-19T10:12:42Z] [iter=11] HEARTBEAT target_type=call_site elapsed_min=11.7 files_done=0 resolved=0 errors=0 current=pandas/tests/io/formats/test_format.py
[2026-04-19T11:49:11Z] [iter=11] HEARTBEAT target_type=call_site elapsed_min=108.2 files_done=1 resolved=144 errors=518 current=pandas/core/indexes/category.py
[2026-04-19T11:55:09Z] [iter=11] HEARTBEAT target_type=call_site elapsed_min=114.2 files_done=2 resolved=163 errors=550 current=pandas/tests/indexing/test_floats.py
[2026-04-19T12:15:39Z] [iter=11] HEARTBEAT target_type=call_site elapsed_min=134.7 files_done=3 resolved=268 errors=660 current=pandas/tests/series/indexing/test_delitem.py
[2026-04-19T12:20:07Z] [iter=11] HEARTBEAT target_type=call_site elapsed_min=139.1 files_done=4 resolved=283 errors=683 current=pandas/tests/extension/base/interface.py
[2026-04-19T12:23:13Z] [iter=11] HEARTBEAT target_type=call_site elapsed_min=142.2 files_done=5 resolved=311 errors=699 current=pandas/tests/io/json/test_ujson.py
[2026-04-19T13:12:56Z] [iter=11] HEARTBEAT target_type=call_site elapsed_min=192.0 files_done=6 resolved=445 errors=964 current=pandas/tests/tseries/holiday/test_calendar.py
[2026-04-19T13:18:45Z] [iter=11] HEARTBEAT target_type=call_site elapsed_min=197.8 files_done=7 resolved=454 errors=995 current=pandas/core/arrays/masked.py
[2026-04-19T14:01:48Z] [iter=11] CHECKPOINT TRIGGERED elapsed_min=240.8 files_completed=50 new_files_this_iter=7 mem_mb=4233 MB
[2026-04-19T14:01:48Z] [iter=11] Writing partial enrichment graph path=/home/runner/work/forx/forx/storage/aggregate/lsp/366ccdfcd8ed1e5543bfb6d4ee0c9bc519898670.nq.gz triples=149374
[2026-04-19T14:01:51Z] [iter=11] Checkpoint written, exiting with code 7
[2026-04-19T14:01:51Z] [iter=11] PHASE END: enrich (checkpointed) elapsed_s=14450 elapsed_min=240.8 files_completed=50
