[2026-04-20T07:04:23Z] === ENRICH ITERATION 16 START | repo=pandas-dev/pandas sha=366ccdfc ===
[2026-04-20T07:04:23Z] [iter=16] PHASE START: enrich repo=pandas-dev/pandas sha=366ccdfc runlog=/home/runner/work/forx/forx/storage/aggregate/lsp/logs/366ccdfc-enrich-iter-016.log output=/home/runner/work/forx/forx/storage/aggregate/lsp/366ccdfcd8ed1e5543bfb6d4ee0c9bc519898670.nq.gz
[2026-04-20T07:05:01Z] [iter=16] Step 1: Loading AST into disk-backed store mem_mb=78 MB
[2026-04-20T07:10:55Z] [iter=16] AST store loaded triples=27213315 load_secs=343 mem_mb=1115 MB
[2026-04-20T07:10:55Z] [iter=16] Step 2: Finding LSP targets mem_mb=1115 MB
[2026-04-20T07:12:35Z] [iter=16] LSP targets found call_sites=221488 imports=8539 extends=807 implements=0 secs=99
[2026-04-20T07:12:43Z] [iter=16] Loaded checkpoint partial graph triples=187050
[2026-04-20T07:14:10Z] [iter=16] Step 2.7: Building position index (one-shot, shared across resolvers) mem_mb=1115 MB
[2026-04-20T07:17:33Z] [iter=16] Position index built positions=1821689 nodes_with_types=2394343 secs=204 mem_mb=4342 MB
[2026-04-20T07:17:33Z] [iter=16] Step 3: Starting LSP resolution mem_mb=4342 MB already_completed_types=[] already_completed_files=70
[2026-04-20T07:17:33Z] [iter=16] Resolving target type target_type=call_site count=221488
[2026-04-20T07:17:35Z] [iter=16] HEARTBEAT target_type=call_site elapsed_min=13.2 files_done=0 resolved=0 errors=0 current=pandas/tests/groupby/test_grouping.py
[2026-04-20T08:47:46Z] [iter=16] HEARTBEAT target_type=call_site elapsed_min=103.4 files_done=1 resolved=219 errors=483 current=pandas/tests/arrays/sparse/test_reductions.py
[2026-04-20T08:52:14Z] [iter=16] HEARTBEAT target_type=call_site elapsed_min=107.8 files_done=2 resolved=270 errors=506 current=pandas/tests/reshape/test_pivot_multilevel.py
[2026-04-20T08:58:30Z] [iter=16] HEARTBEAT target_type=call_site elapsed_min=114.1 files_done=3 resolved=287 errors=539 current=pandas/core/indexes/datetimelike.py
[2026-04-20T09:15:06Z] [iter=16] HEARTBEAT target_type=call_site elapsed_min=130.7 files_done=4 resolved=379 errors=628 current=pandas/tests/indexes/datetimes/methods/test_isocalendar.py
[2026-04-20T09:16:25Z] [iter=16] HEARTBEAT target_type=call_site elapsed_min=132.0 files_done=5 resolved=381 errors=635 current=pandas/tests/tseries/offsets/test_business_halfyear.py
[2026-04-20T09:34:14Z] [iter=16] HEARTBEAT target_type=call_site elapsed_min=149.8 files_done=6 resolved=387 errors=730 current=pandas/core/arrays/timedeltas.py
[2026-04-20T10:02:11Z] [iter=16] HEARTBEAT target_type=call_site elapsed_min=177.8 files_done=7 resolved=510 errors=880 current=pandas/tests/copy_view/test_indexing.py
[2026-04-20T10:37:17Z] [iter=16] HEARTBEAT target_type=call_site elapsed_min=212.9 files_done=8 resolved=652 errors=1069 current=pandas/tests/scalar/timestamp/test_timestamp.py
[2026-04-20T11:05:02Z] [iter=16] CHECKPOINT TRIGGERED elapsed_min=240.6 files_completed=78 new_files_this_iter=8 mem_mb=4378 MB
[2026-04-20T11:05:02Z] [iter=16] Writing partial enrichment graph path=/home/runner/work/forx/forx/storage/aggregate/lsp/366ccdfcd8ed1e5543bfb6d4ee0c9bc519898670.nq.gz triples=197540
[2026-04-20T11:05:07Z] [iter=16] Checkpoint written, exiting with code 7
[2026-04-20T11:05:07Z] [iter=16] PHASE END: enrich (checkpointed) elapsed_s=14438 elapsed_min=240.6 files_completed=78
