[2026-04-19T01:12:43Z] === ENRICH ITERATION 9 START | repo=pandas-dev/pandas sha=366ccdfc ===
[2026-04-19T01:12:43Z] [iter=9] PHASE START: enrich repo=pandas-dev/pandas sha=366ccdfc runlog=/home/runner/work/forx/forx/storage/aggregate/lsp/logs/366ccdfc-enrich-iter-009.log output=/home/runner/work/forx/forx/storage/aggregate/lsp/366ccdfcd8ed1e5543bfb6d4ee0c9bc519898670.nq.gz
[2026-04-19T01:13:12Z] [iter=9] Step 1: Loading AST into disk-backed store mem_mb=78 MB
[2026-04-19T01:18:47Z] [iter=9] AST store loaded triples=27213315 load_secs=324 mem_mb=1116 MB
[2026-04-19T01:18:47Z] [iter=9] Step 2: Finding LSP targets mem_mb=1116 MB
[2026-04-19T01:20:16Z] [iter=9] LSP targets found call_sites=221488 imports=8539 extends=807 implements=0 secs=88
[2026-04-19T01:20:21Z] [iter=9] Loaded checkpoint partial graph triples=124784
[2026-04-19T01:21:39Z] [iter=9] Step 2.7: Building position index (one-shot, shared across resolvers) mem_mb=1116 MB
[2026-04-19T01:24:51Z] [iter=9] Position index built positions=1821689 nodes_with_types=2394343 secs=192 mem_mb=4160 MB
[2026-04-19T01:24:51Z] [iter=9] Step 3: Starting LSP resolution mem_mb=4160 MB already_completed_types=[] already_completed_files=33
[2026-04-19T01:24:51Z] [iter=9] Resolving target type target_type=call_site count=221488
[2026-04-19T01:24:53Z] [iter=9] HEARTBEAT target_type=call_site elapsed_min=12.2 files_done=0 resolved=0 errors=0 current=pandas/tests/dtypes/test_inference.py
[2026-04-19T03:15:50Z] [iter=9] HEARTBEAT target_type=call_site elapsed_min=123.1 files_done=1 resolved=109 errors=604 current=pandas/tests/arrays/categorical/test_api.py
[2026-04-19T03:45:05Z] [iter=9] HEARTBEAT target_type=call_site elapsed_min=152.4 files_done=2 resolved=231 errors=763 current=pandas/tests/resample/test_base.py
[2026-04-19T04:13:34Z] [iter=9] HEARTBEAT target_type=call_site elapsed_min=180.9 files_done=3 resolved=311 errors=918 current=pandas/tests/tseries/offsets/test_fiscal.py
[2026-04-19T04:36:55Z] [iter=9] HEARTBEAT target_type=call_site elapsed_min=204.2 files_done=4 resolved=319 errors=1045 current=pandas/tests/frame/methods/test_dtypes.py
[2026-04-19T04:44:17Z] [iter=9] HEARTBEAT target_type=call_site elapsed_min=211.6 files_done=5 resolved=359 errors=1085 current=pandas/tests/indexing/test_iloc.py
[2026-04-19T05:13:22Z] [iter=9] CHECKPOINT TRIGGERED elapsed_min=240.6 files_completed=38 new_files_this_iter=5 mem_mb=4183 MB
[2026-04-19T05:13:22Z] [iter=9] Writing partial enrichment graph path=/home/runner/work/forx/forx/storage/aggregate/lsp/366ccdfcd8ed1e5543bfb6d4ee0c9bc519898670.nq.gz triples=131619
[2026-04-19T05:13:24Z] [iter=9] Checkpoint written, exiting with code 7
[2026-04-19T05:13:24Z] [iter=9] PHASE END: enrich (checkpointed) elapsed_s=14439 elapsed_min=240.6 files_completed=38
