[2026-04-11T06:14:42Z] === ENRICH ITERATION 8 START | repo=pandas-dev/pandas sha=ab90747e ===
[2026-04-11T06:14:42Z] [iter=8] PHASE START: enrich repo=pandas-dev/pandas sha=ab90747e runlog=/home/runner/work/forx/forx/storage/aggregate/lsp/logs/ab90747e-enrich-iter-008.log output=/home/runner/work/forx/forx/storage/aggregate/lsp/ab90747e3dae0e69b1bdbf083820b8075689b34b.nq.gz
[2026-04-11T06:15:00Z] [iter=8] Step 1: Loading AST into disk-backed store mem_mb=78 MB
[2026-04-11T06:20:36Z] [iter=8] AST store loaded triples=27282898 load_secs=325 mem_mb=1100 MB
[2026-04-11T06:20:36Z] [iter=8] Step 2: Finding LSP targets mem_mb=1100 MB
[2026-04-11T06:22:05Z] [iter=8] LSP targets found call_sites=222081 imports=8578 extends=809 implements=0 secs=89
[2026-04-11T06:22:10Z] [iter=8] Loaded checkpoint partial graph triples=116005
[2026-04-11T06:23:26Z] [iter=8] Step 2.7: Building position index (one-shot, shared across resolvers) mem_mb=1100 MB
[2026-04-11T06:26:32Z] [iter=8] Position index built positions=1826358 nodes_with_types=2400439 secs=186 mem_mb=4090 MB
[2026-04-11T06:26:32Z] [iter=8] Step 3: Starting LSP resolution mem_mb=4090 MB already_completed_types=[] already_completed_files=26
[2026-04-11T06:26:32Z] [iter=8] Resolving target type target_type=call_site count=222081
[2026-04-11T06:26:34Z] [iter=8] HEARTBEAT target_type=call_site elapsed_min=11.9 files_done=0 resolved=0 errors=0 current=pandas/core/arrays/sparse/array.py
[2026-04-11T07:10:48Z] [iter=8] HEARTBEAT target_type=call_site elapsed_min=56.1 files_done=1 resolved=42 errors=243 current=pandas/tests/dtypes/test_dtypes.py
[2026-04-11T08:21:40Z] [iter=8] HEARTBEAT target_type=call_site elapsed_min=127.0 files_done=2 resolved=194 errors=633 current=pandas/tests/indexing/multiindex/test_loc.py
[2026-04-11T08:57:46Z] [iter=8] HEARTBEAT target_type=call_site elapsed_min=163.1 files_done=3 resolved=375 errors=832 current=asv_bench/benchmarks/groupby.py
[2026-04-11T09:45:33Z] [iter=8] HEARTBEAT target_type=call_site elapsed_min=210.9 files_done=4 resolved=574 errors=1096 current=pandas/tests/window/test_ewm.py
[2026-04-11T10:14:50Z] [iter=8] CHECKPOINT TRIGGERED elapsed_min=240.1 files_completed=30 new_files_this_iter=4 mem_mb=4111 MB
[2026-04-11T10:14:50Z] [iter=8] Writing partial enrichment graph path=/home/runner/work/forx/forx/storage/aggregate/lsp/ab90747e3dae0e69b1bdbf083820b8075689b34b.nq.gz triples=124955
[2026-04-11T10:14:52Z] [iter=8] Checkpoint written, exiting with code 7
[2026-04-11T10:14:52Z] [iter=8] PHASE END: enrich (checkpointed) elapsed_s=14408 elapsed_min=240.1 files_completed=30
