[2026-04-15T18:50:16Z] === ENRICH ITERATION 34 START | repo=pandas-dev/pandas sha=ab90747e ===
[2026-04-15T18:50:16Z] [iter=34] PHASE START: enrich repo=pandas-dev/pandas sha=ab90747e runlog=/home/runner/work/forx/forx/storage/aggregate/lsp/logs/ab90747e-enrich-iter-034.log output=/home/runner/work/forx/forx/storage/aggregate/lsp/ab90747e3dae0e69b1bdbf083820b8075689b34b.nq.gz
[2026-04-15T18:50:49Z] [iter=34] Step 1: Loading AST into disk-backed store mem_mb=78 MB
[2026-04-15T18:56:27Z] [iter=34] AST store loaded triples=27282898 load_secs=327 mem_mb=1093 MB
[2026-04-15T18:56:27Z] [iter=34] Step 2: Finding LSP targets mem_mb=1093 MB
[2026-04-15T18:57:54Z] [iter=34] LSP targets found call_sites=222081 imports=8578 extends=809 implements=0 secs=87
[2026-04-15T18:58:09Z] [iter=34] Loaded checkpoint partial graph triples=359275
[2026-04-15T18:59:27Z] [iter=34] Step 2.7: Building position index (one-shot, shared across resolvers) mem_mb=1370 MB
[2026-04-15T19:02:35Z] [iter=34] Position index built positions=1826358 nodes_with_types=2400439 secs=188 mem_mb=4604 MB
[2026-04-15T19:02:35Z] [iter=34] Step 3: Starting LSP resolution mem_mb=4604 MB already_completed_types=[] already_completed_files=146
[2026-04-15T19:02:35Z] [iter=34] Resolving target type target_type=call_site count=222081
[2026-04-15T19:02:36Z] [iter=34] HEARTBEAT target_type=call_site elapsed_min=12.3 files_done=0 resolved=0 errors=0 current=pandas/core/arrays/masked.py
[2026-04-15T19:49:44Z] [iter=34] HEARTBEAT target_type=call_site elapsed_min=59.5 files_done=1 resolved=61 errors=258 current=pandas/tests/indexes/multi/test_util.py
[2026-04-15T19:51:34Z] [iter=34] HEARTBEAT target_type=call_site elapsed_min=61.3 files_done=2 resolved=77 errors=268 current=pandas/tseries/holiday.py
[2026-04-15T20:05:31Z] [iter=34] HEARTBEAT target_type=call_site elapsed_min=75.3 files_done=3 resolved=104 errors=344 current=pandas/tests/groupby/transform/test_transform.py
[2026-04-15T21:43:15Z] [iter=34] HEARTBEAT target_type=call_site elapsed_min=173.0 files_done=4 resolved=354 errors=887 current=pandas/tests/groupby/test_libgroupby.py
[2026-04-15T21:51:14Z] [iter=34] HEARTBEAT target_type=call_site elapsed_min=181.0 files_done=5 resolved=513 errors=931 current=pandas/tests/test_sorting.py
[2026-04-15T22:08:59Z] [iter=34] HEARTBEAT target_type=call_site elapsed_min=198.7 files_done=6 resolved=703 errors=1029 current=pandas/tests/resample/test_base.py
[2026-04-15T22:37:03Z] [iter=34] HEARTBEAT target_type=call_site elapsed_min=226.8 files_done=7 resolved=783 errors=1184 current=asv_bench/benchmarks/indexing.py
[2026-04-15T22:50:09Z] [iter=34] HEARTBEAT target_type=call_site elapsed_min=239.9 files_done=8 resolved=871 errors=1256 current=pandas/tests/plotting/test_datetimelike.py
[2026-04-15T22:51:03Z] [iter=34] CHECKPOINT TRIGGERED elapsed_min=240.8 files_completed=154 new_files_this_iter=8 mem_mb=4639 MB
[2026-04-15T22:51:03Z] [iter=34] Writing partial enrichment graph path=/home/runner/work/forx/forx/storage/aggregate/lsp/ab90747e3dae0e69b1bdbf083820b8075689b34b.nq.gz triples=370464
[2026-04-15T22:51:10Z] [iter=34] Checkpoint written, exiting with code 7
[2026-04-15T22:51:10Z] [iter=34] PHASE END: enrich (checkpointed) elapsed_s=14447 elapsed_min=240.8 files_completed=154
