[2026-04-10T09:40:38Z] === ENRICH ITERATION 3 START | repo=pandas-dev/pandas sha=ab90747e ===
[2026-04-10T09:40:38Z] [iter=3] PHASE START: enrich repo=pandas-dev/pandas sha=ab90747e runlog=/home/runner/work/forx/forx/storage/aggregate/lsp/logs/ab90747e-enrich-iter-003.log output=/home/runner/work/forx/forx/storage/aggregate/lsp/ab90747e3dae0e69b1bdbf083820b8075689b34b.nq.gz
[2026-04-10T09:41:09Z] [iter=3] Step 1: Loading AST into disk-backed store mem_mb=78 MB
[2026-04-10T09:46:49Z] [iter=3] AST store loaded triples=27282898 load_secs=328 mem_mb=1098 MB
[2026-04-10T09:46:49Z] [iter=3] Step 2: Finding LSP targets mem_mb=1098 MB
[2026-04-10T09:48:22Z] [iter=3] LSP targets found call_sites=222081 imports=8578 extends=809 implements=0 secs=93
[2026-04-10T09:48:24Z] [iter=3] Loaded checkpoint partial graph triples=64157
[2026-04-10T09:49:41Z] [iter=3] Step 2.7: Building position index (one-shot, shared across resolvers) mem_mb=1098 MB
[2026-04-10T09:52:48Z] [iter=3] Position index built positions=1826358 nodes_with_types=2400439 secs=187 mem_mb=3923 MB
[2026-04-10T09:52:48Z] [iter=3] Step 3: Starting LSP resolution mem_mb=3923 MB already_completed_types=[] already_completed_files=4
[2026-04-10T09:52:48Z] [iter=3] Resolving target type target_type=call_site count=222081
[2026-04-10T09:52:50Z] [iter=3] HEARTBEAT target_type=call_site elapsed_min=12.2 files_done=0 resolved=0 errors=0 current=pandas/tests/frame/indexing/test_mask.py
[2026-04-10T10:05:25Z] [iter=3] HEARTBEAT target_type=call_site elapsed_min=24.8 files_done=1 resolved=18 errors=68 current=pandas/core/frame.py
[2026-04-10T13:05:45Z] [iter=3] HEARTBEAT target_type=call_site elapsed_min=205.1 files_done=2 resolved=689 errors=1046 current=pandas/tests/window/test_api.py
[2026-04-10T13:28:22Z] [iter=3] HEARTBEAT target_type=call_site elapsed_min=227.7 files_done=3 resolved=746 errors=1169 current=pandas/tests/test_take.py
[2026-04-10T13:39:30Z] [iter=3] HEARTBEAT target_type=call_site elapsed_min=238.9 files_done=4 resolved=808 errors=1229 current=pandas/tests/extension/json/test_json.py
[2026-04-10T13:40:47Z] [iter=3] CHECKPOINT TRIGGERED elapsed_min=240.2 files_completed=8 new_files_this_iter=4 mem_mb=3975 MB
[2026-04-10T13:40:47Z] [iter=3] Writing partial enrichment graph path=/home/runner/work/forx/forx/storage/aggregate/lsp/ab90747e3dae0e69b1bdbf083820b8075689b34b.nq.gz triples=75795
[2026-04-10T13:40:49Z] [iter=3] Checkpoint written, exiting with code 7
[2026-04-10T13:40:49Z] [iter=3] PHASE END: enrich (checkpointed) elapsed_s=14410 elapsed_min=240.2 files_completed=8
