[2026-04-15T02:12:33Z] === ENRICH ITERATION 30 START | repo=pandas-dev/pandas sha=ab90747e ===
[2026-04-15T02:12:33Z] [iter=30] PHASE START: enrich repo=pandas-dev/pandas sha=ab90747e runlog=/home/runner/work/forx/forx/storage/aggregate/lsp/logs/ab90747e-enrich-iter-030.log output=/home/runner/work/forx/forx/storage/aggregate/lsp/ab90747e3dae0e69b1bdbf083820b8075689b34b.nq.gz
[2026-04-15T02:12:58Z] [iter=30] Step 1: Loading AST into disk-backed store mem_mb=78 MB
[2026-04-15T02:18:30Z] [iter=30] AST store loaded triples=27282898 load_secs=321 mem_mb=1095 MB
[2026-04-15T02:18:30Z] [iter=30] Step 2: Finding LSP targets mem_mb=1095 MB
[2026-04-15T02:19:55Z] [iter=30] LSP targets found call_sites=222081 imports=8578 extends=809 implements=0 secs=85
[2026-04-15T02:20:10Z] [iter=30] Loaded checkpoint partial graph triples=328972
[2026-04-15T02:21:25Z] [iter=30] Step 2.7: Building position index (one-shot, shared across resolvers) mem_mb=1388 MB
[2026-04-15T02:24:31Z] [iter=30] Position index built positions=1826358 nodes_with_types=2400439 secs=186 mem_mb=4683 MB
[2026-04-15T02:24:31Z] [iter=30] Step 3: Starting LSP resolution mem_mb=4683 MB already_completed_types=[] already_completed_files=130
[2026-04-15T02:24:31Z] [iter=30] Resolving target type target_type=call_site count=222081
[2026-04-15T02:24:33Z] [iter=30] HEARTBEAT target_type=call_site elapsed_min=12.0 files_done=0 resolved=0 errors=0 current=pandas/tests/window/test_rolling.py
[2026-04-15T03:59:46Z] [iter=30] HEARTBEAT target_type=call_site elapsed_min=107.2 files_done=1 resolved=1 errors=524 current=pandas/tests/frame/indexing/test_getitem.py
[2026-04-15T04:12:12Z] [iter=30] HEARTBEAT target_type=call_site elapsed_min=119.7 files_done=2 resolved=85 errors=592 current=asv_bench/benchmarks/sparse.py
[2026-04-15T04:17:07Z] [iter=30] HEARTBEAT target_type=call_site elapsed_min=124.6 files_done=3 resolved=116 errors=619 current=pandas/tests/dtypes/test_missing.py
[2026-04-15T05:02:23Z] [iter=30] HEARTBEAT target_type=call_site elapsed_min=169.8 files_done=4 resolved=377 errors=867 current=pandas/core/dtypes/generic.py
[2026-04-15T05:06:01Z] [iter=30] HEARTBEAT target_type=call_site elapsed_min=173.5 files_done=5 resolved=399 errors=887 current=pandas/tests/indexes/period/test_setops.py
[2026-04-15T05:25:18Z] [iter=30] HEARTBEAT target_type=call_site elapsed_min=192.8 files_done=6 resolved=425 errors=993 current=pandas/tests/indexes/datetimes/test_constructors.py
[2026-04-15T06:13:23Z] [iter=30] CHECKPOINT TRIGGERED elapsed_min=240.8 files_completed=136 new_files_this_iter=6 mem_mb=4713 MB
[2026-04-15T06:13:23Z] [iter=30] Writing partial enrichment graph path=/home/runner/work/forx/forx/storage/aggregate/lsp/ab90747e3dae0e69b1bdbf083820b8075689b34b.nq.gz triples=335406
[2026-04-15T06:13:29Z] [iter=30] Checkpoint written, exiting with code 7
[2026-04-15T06:13:29Z] [iter=30] PHASE END: enrich (checkpointed) elapsed_s=14450 elapsed_min=240.8 files_completed=136
