[2026-04-15T06:18:38Z] === ENRICH ITERATION 31 START | repo=pandas-dev/pandas sha=ab90747e ===
[2026-04-15T06:18:38Z] [iter=31] PHASE START: enrich repo=pandas-dev/pandas sha=ab90747e runlog=/home/runner/work/forx/forx/storage/aggregate/lsp/logs/ab90747e-enrich-iter-031.log output=/home/runner/work/forx/forx/storage/aggregate/lsp/ab90747e3dae0e69b1bdbf083820b8075689b34b.nq.gz
[2026-04-15T06:19:10Z] [iter=31] Step 1: Loading AST into disk-backed store mem_mb=79 MB
[2026-04-15T06:24:50Z] [iter=31] AST store loaded triples=27282898 load_secs=328 mem_mb=1089 MB
[2026-04-15T06:24:50Z] [iter=31] Step 2: Finding LSP targets mem_mb=1089 MB
[2026-04-15T06:26:20Z] [iter=31] LSP targets found call_sites=222081 imports=8578 extends=809 implements=0 secs=91
[2026-04-15T06:26:35Z] [iter=31] Loaded checkpoint partial graph triples=335406
[2026-04-15T06:27:56Z] [iter=31] Step 2.7: Building position index (one-shot, shared across resolvers) mem_mb=1431 MB
[2026-04-15T06:31:09Z] [iter=31] Position index built positions=1826358 nodes_with_types=2400439 secs=193 mem_mb=4667 MB
[2026-04-15T06:31:09Z] [iter=31] Step 3: Starting LSP resolution mem_mb=4667 MB already_completed_types=[] already_completed_files=136
[2026-04-15T06:31:09Z] [iter=31] Resolving target type target_type=call_site count=222081
[2026-04-15T06:31:11Z] [iter=31] HEARTBEAT target_type=call_site elapsed_min=12.5 files_done=0 resolved=0 errors=0 current=pandas/tests/indexes/datetimes/test_constructors.py
[2026-04-15T07:38:09Z] [iter=31] HEARTBEAT target_type=call_site elapsed_min=79.5 files_done=1 resolved=50 errors=369 current=pandas/tests/io/pytables/test_categorical.py
[2026-04-15T07:50:52Z] [iter=31] HEARTBEAT target_type=call_site elapsed_min=92.2 files_done=2 resolved=68 errors=439 current=pandas/tests/window/moments/test_moments_consistency_expanding.py
[2026-04-15T08:04:06Z] [iter=31] HEARTBEAT target_type=call_site elapsed_min=105.5 files_done=3 resolved=91 errors=512 current=pandas/tests/copy_view/test_interp_fillna.py
[2026-04-15T08:28:45Z] [iter=31] HEARTBEAT target_type=call_site elapsed_min=130.1 files_done=4 resolved=149 errors=647 current=pandas/core/indexes/interval.py
[2026-04-15T08:55:48Z] [iter=31] HEARTBEAT target_type=call_site elapsed_min=157.2 files_done=5 resolved=245 errors=796 current=pandas/tests/resample/test_resample_api.py
[2026-04-15T09:39:24Z] [iter=31] HEARTBEAT target_type=call_site elapsed_min=200.8 files_done=6 resolved=377 errors=1036 current=pandas/tests/reductions/test_stat_reductions.py
[2026-04-15T09:57:04Z] [iter=31] HEARTBEAT target_type=call_site elapsed_min=218.4 files_done=7 resolved=449 errors=1133 current=pandas/tests/frame/methods/test_sort_values.py
[2026-04-15T10:18:39Z] [iter=31] CHECKPOINT TRIGGERED elapsed_min=240.0 files_completed=143 new_files_this_iter=7 mem_mb=4696 MB
[2026-04-15T10:18:39Z] [iter=31] Writing partial enrichment graph path=/home/runner/work/forx/forx/storage/aggregate/lsp/ab90747e3dae0e69b1bdbf083820b8075689b34b.nq.gz triples=343131
[2026-04-15T10:18:46Z] [iter=31] Checkpoint written, exiting with code 7
[2026-04-15T10:18:46Z] [iter=31] PHASE END: enrich (checkpointed) elapsed_s=14401 elapsed_min=240.0 files_completed=143
