[2026-04-11T02:07:28Z] === ENRICH ITERATION 7 START | repo=pandas-dev/pandas sha=ab90747e ===
[2026-04-11T02:07:28Z] [iter=7] PHASE START: enrich repo=pandas-dev/pandas sha=ab90747e runlog=/home/runner/work/forx/forx/storage/aggregate/lsp/logs/ab90747e-enrich-iter-007.log output=/home/runner/work/forx/forx/storage/aggregate/lsp/ab90747e3dae0e69b1bdbf083820b8075689b34b.nq.gz
[2026-04-11T02:07:47Z] [iter=7] Step 1: Loading AST into disk-backed store mem_mb=78 MB
[2026-04-11T02:13:23Z] [iter=7] AST store loaded triples=27282898 load_secs=326 mem_mb=1089 MB
[2026-04-11T02:13:23Z] [iter=7] Step 2: Finding LSP targets mem_mb=1089 MB
[2026-04-11T02:14:51Z] [iter=7] LSP targets found call_sites=222081 imports=8578 extends=809 implements=0 secs=88
[2026-04-11T02:14:56Z] [iter=7] Loaded checkpoint partial graph triples=106164
[2026-04-11T02:16:13Z] [iter=7] Step 2.7: Building position index (one-shot, shared across resolvers) mem_mb=1089 MB
[2026-04-11T02:19:20Z] [iter=7] Position index built positions=1826358 nodes_with_types=2400439 secs=187 mem_mb=4126 MB
[2026-04-11T02:19:20Z] [iter=7] Step 3: Starting LSP resolution mem_mb=4126 MB already_completed_types=[] already_completed_files=22
[2026-04-11T02:19:20Z] [iter=7] Resolving target type target_type=call_site count=222081
[2026-04-11T02:19:22Z] [iter=7] HEARTBEAT target_type=call_site elapsed_min=11.9 files_done=0 resolved=0 errors=0 current=pandas/tests/frame/indexing/test_where.py
[2026-04-11T03:29:40Z] [iter=7] HEARTBEAT target_type=call_site elapsed_min=82.2 files_done=1 resolved=44 errors=375 current=pandas/tests/series/indexing/test_where.py
[2026-04-11T03:54:35Z] [iter=7] HEARTBEAT target_type=call_site elapsed_min=107.1 files_done=2 resolved=169 errors=508 current=pandas/core/internals/blocks.py
[2026-04-11T04:47:15Z] [iter=7] HEARTBEAT target_type=call_site elapsed_min=159.8 files_done=3 resolved=349 errors=792 current=pandas/io/formats/format.py
[2026-04-11T05:30:30Z] [iter=7] HEARTBEAT target_type=call_site elapsed_min=203.0 files_done=4 resolved=564 errors=1026 current=pandas/core/arrays/sparse/array.py
[2026-04-11T06:08:31Z] [iter=7] CHECKPOINT TRIGGERED elapsed_min=241.1 files_completed=26 new_files_this_iter=4 mem_mb=4151 MB
[2026-04-11T06:08:31Z] [iter=7] Writing partial enrichment graph path=/home/runner/work/forx/forx/storage/aggregate/lsp/ab90747e3dae0e69b1bdbf083820b8075689b34b.nq.gz triples=116005
[2026-04-11T06:08:33Z] [iter=7] Checkpoint written, exiting with code 7
[2026-04-11T06:08:33Z] [iter=7] PHASE END: enrich (checkpointed) elapsed_s=14463 elapsed_min=241.1 files_completed=26
