[2026-04-13T08:12:06Z] === ENRICH ITERATION 20 START | repo=pandas-dev/pandas sha=ab90747e ===
[2026-04-13T08:12:06Z] [iter=20] PHASE START: enrich repo=pandas-dev/pandas sha=ab90747e runlog=/home/runner/work/forx/forx/storage/aggregate/lsp/logs/ab90747e-enrich-iter-020.log output=/home/runner/work/forx/forx/storage/aggregate/lsp/ab90747e3dae0e69b1bdbf083820b8075689b34b.nq.gz
[2026-04-13T08:12:33Z] [iter=20] Step 1: Loading AST into disk-backed store mem_mb=78 MB
[2026-04-13T08:18:14Z] [iter=20] AST store loaded triples=27282898 load_secs=330 mem_mb=1092 MB
[2026-04-13T08:18:14Z] [iter=20] Step 2: Finding LSP targets mem_mb=1092 MB
[2026-04-13T08:19:45Z] [iter=20] LSP targets found call_sites=222081 imports=8578 extends=809 implements=0 secs=91
[2026-04-13T08:19:55Z] [iter=20] Loaded checkpoint partial graph triples=221125
[2026-04-13T08:21:15Z] [iter=20] Step 2.7: Building position index (one-shot, shared across resolvers) mem_mb=1171 MB
[2026-04-13T08:24:30Z] [iter=20] Position index built positions=1826358 nodes_with_types=2400439 secs=195 mem_mb=4405 MB
[2026-04-13T08:24:30Z] [iter=20] Step 3: Starting LSP resolution mem_mb=4405 MB already_completed_types=[] already_completed_files=73
[2026-04-13T08:24:30Z] [iter=20] Resolving target type target_type=call_site count=222081
[2026-04-13T08:24:31Z] [iter=20] HEARTBEAT target_type=call_site elapsed_min=12.4 files_done=0 resolved=0 errors=0 current=pandas/tests/indexing/test_indexing.py
[2026-04-13T09:05:03Z] [iter=20] HEARTBEAT target_type=call_site elapsed_min=52.9 files_done=1 resolved=6 errors=220 current=pandas/tests/indexes/timedeltas/methods/test_insert.py
[2026-04-13T09:12:23Z] [iter=20] HEARTBEAT target_type=call_site elapsed_min=60.3 files_done=2 resolved=27 errors=260 current=pandas/tests/frame/test_arithmetic.py
[2026-04-13T10:51:16Z] [iter=20] HEARTBEAT target_type=call_site elapsed_min=159.2 files_done=3 resolved=515 errors=798 current=pandas/tests/tseries/offsets/test_quarter.py
[2026-04-13T11:03:56Z] [iter=20] HEARTBEAT target_type=call_site elapsed_min=171.8 files_done=4 resolved=521 errors=867 current=pandas/core/dtypes/dtypes.py
[2026-04-13T11:29:39Z] [iter=20] HEARTBEAT target_type=call_site elapsed_min=197.5 files_done=5 resolved=777 errors=1007 current=pandas/tests/strings/test_find_replace.py
[2026-04-13T12:12:32Z] [iter=20] CHECKPOINT TRIGGERED elapsed_min=240.4 files_completed=78 new_files_this_iter=5 mem_mb=4436 MB
[2026-04-13T12:12:32Z] [iter=20] Writing partial enrichment graph path=/home/runner/work/forx/forx/storage/aggregate/lsp/ab90747e3dae0e69b1bdbf083820b8075689b34b.nq.gz triples=231834
[2026-04-13T12:12:36Z] [iter=20] Checkpoint written, exiting with code 7
[2026-04-13T12:12:36Z] [iter=20] PHASE END: enrich (checkpointed) elapsed_s=14426 elapsed_min=240.4 files_completed=78
