[2026-04-23T14:01:37Z] === ENRICH ITERATION 10 START | repo=pandas-dev/pandas sha=bb69be8a ===
[2026-04-23T14:01:37Z] [iter=10] PHASE START: enrich repo=pandas-dev/pandas sha=bb69be8a runlog=/home/runner/work/forx/forx/storage/aggregate/lsp/logs/bb69be8a-enrich-iter-010.log output=/home/runner/work/forx/forx/storage/aggregate/lsp/bb69be8a6c6af980f6dc89d641515502c41880a4.nq.gz
[2026-04-23T14:02:04Z] [iter=10] Step 1: Loading AST into disk-backed store mem_mb=79 MB
[2026-04-23T14:07:47Z] [iter=10] AST store loaded triples=27192739 load_secs=335 mem_mb=1111 MB
[2026-04-23T14:07:47Z] [iter=10] Step 2: Finding LSP targets mem_mb=1111 MB
[2026-04-23T14:09:26Z] [iter=10] LSP targets found call_sites=221461 imports=8555 extends=807 implements=0 secs=98
[2026-04-23T14:09:31Z] [iter=10] Loaded checkpoint partial graph triples=119844
[2026-04-23T14:10:58Z] [iter=10] Step 2.7: Building position index (one-shot, shared across resolvers) mem_mb=1111 MB
[2026-04-23T14:13:57Z] [iter=10] Position index built positions=1820097 nodes_with_types=2392291 secs=180 mem_mb=4096 MB
[2026-04-23T14:13:57Z] [iter=10] Step 3: Starting LSP resolution mem_mb=4096 MB already_completed_types=[] already_completed_files=31
[2026-04-23T14:13:57Z] [iter=10] Resolving target type target_type=call_site count=221461
[2026-04-23T14:13:59Z] [iter=10] HEARTBEAT target_type=call_site elapsed_min=12.4 files_done=0 resolved=0 errors=0 current=pandas/tests/reshape/concat/test_append_common.py
[2026-04-23T14:50:28Z] [iter=10] HEARTBEAT target_type=call_site elapsed_min=48.9 files_done=1 resolved=168 errors=240 current=pandas/tests/arrays/integer/test_function.py
[2026-04-23T14:58:49Z] [iter=10] HEARTBEAT target_type=call_site elapsed_min=57.2 files_done=2 resolved=234 errors=295 current=pandas/tests/arrays/interval/test_interval.py
[2026-04-23T15:10:56Z] [iter=10] HEARTBEAT target_type=call_site elapsed_min=69.3 files_done=3 resolved=273 errors=375 current=pandas/tests/groupby/test_grouping.py
[2026-04-23T16:24:02Z] [iter=10] HEARTBEAT target_type=call_site elapsed_min=142.4 files_done=4 resolved=505 errors=858 current=pandas/tests/reshape/merge/test_merge.py
[2026-04-23T18:02:30Z] [iter=10] CHECKPOINT TRIGGERED elapsed_min=240.9 files_completed=35 new_files_this_iter=4 mem_mb=4134 MB
[2026-04-23T18:02:30Z] [iter=10] Writing partial enrichment graph path=/home/runner/work/forx/forx/storage/aggregate/lsp/bb69be8a6c6af980f6dc89d641515502c41880a4.nq.gz triples=130617
[2026-04-23T18:02:32Z] [iter=10] Checkpoint written, exiting with code 7
[2026-04-23T18:02:32Z] [iter=10] PHASE END: enrich (checkpointed) elapsed_s=14453 elapsed_min=240.9 files_completed=35
