[2026-04-25T08:25:21Z] === ENRICH ITERATION 20 START | repo=pandas-dev/pandas sha=bb69be8a ===
[2026-04-25T08:25:21Z] [iter=20] PHASE START: enrich repo=pandas-dev/pandas sha=bb69be8a runlog=/home/runner/work/forx/forx/storage/aggregate/lsp/logs/bb69be8a-enrich-iter-020.log output=/home/runner/work/forx/forx/storage/aggregate/lsp/bb69be8a6c6af980f6dc89d641515502c41880a4.nq.gz
[2026-04-25T08:25:53Z] [iter=20] Step 1: Loading AST into disk-backed store mem_mb=79 MB
[2026-04-25T08:36:07Z] [iter=20] AST store loaded triples=27192739 load_secs=606 mem_mb=1012 MB
[2026-04-25T08:36:07Z] [iter=20] Step 2: Finding LSP targets mem_mb=1012 MB
[2026-04-25T08:37:19Z] [iter=20] LSP targets found call_sites=221461 imports=8555 extends=807 implements=0 secs=72
[2026-04-25T08:37:26Z] [iter=20] Loaded checkpoint partial graph triples=203523
[2026-04-25T08:38:30Z] [iter=20] Step 2.7: Building position index (one-shot, shared across resolvers) mem_mb=1101 MB
[2026-04-25T08:40:41Z] [iter=20] Position index built positions=1820097 nodes_with_types=2392291 secs=130 mem_mb=4326 MB
[2026-04-25T08:40:41Z] [iter=20] Step 3: Starting LSP resolution mem_mb=4326 MB already_completed_types=[] already_completed_files=62
[2026-04-25T08:40:41Z] [iter=20] Resolving target type target_type=call_site count=221461
[2026-04-25T08:40:42Z] [iter=20] HEARTBEAT target_type=call_site elapsed_min=15.3 files_done=0 resolved=0 errors=0 current=pandas/tests/groupby/test_reductions.py
[2026-04-25T09:36:04Z] [iter=20] HEARTBEAT target_type=call_site elapsed_min=70.7 files_done=1 resolved=114 errors=378 current=pandas/tests/copy_view/test_methods.py
[2026-04-25T11:22:49Z] [iter=20] HEARTBEAT target_type=call_site elapsed_min=177.5 files_done=2 resolved=410 errors=1107 current=pandas/tests/arrays/categorical/test_constructors.py
[2026-04-25T12:00:18Z] [iter=20] HEARTBEAT target_type=call_site elapsed_min=215.0 files_done=3 resolved=575 errors=1362 current=pandas/core/computation/pytables.py
[2026-04-25T12:14:31Z] [iter=20] HEARTBEAT target_type=call_site elapsed_min=229.2 files_done=4 resolved=660 errors=1459 current=pandas/tests/indexing/multiindex/test_multiindex.py
[2026-04-25T12:25:33Z] [iter=20] CHECKPOINT TRIGGERED elapsed_min=240.2 files_completed=66 new_files_this_iter=4 mem_mb=4363 MB
[2026-04-25T12:25:33Z] [iter=20] Writing partial enrichment graph path=/home/runner/work/forx/forx/storage/aggregate/lsp/bb69be8a6c6af980f6dc89d641515502c41880a4.nq.gz triples=213569
[2026-04-25T12:25:37Z] [iter=20] Checkpoint written, exiting with code 7
[2026-04-25T12:25:37Z] [iter=20] PHASE END: enrich (checkpointed) elapsed_s=14412 elapsed_min=240.2 files_completed=66
