[2026-04-23T05:42:52Z] === ENRICH ITERATION 8 START | repo=pandas-dev/pandas sha=bb69be8a ===
[2026-04-23T05:42:52Z] [iter=8] PHASE START: enrich repo=pandas-dev/pandas sha=bb69be8a runlog=/home/runner/work/forx/forx/storage/aggregate/lsp/logs/bb69be8a-enrich-iter-008.log output=/home/runner/work/forx/forx/storage/aggregate/lsp/bb69be8a6c6af980f6dc89d641515502c41880a4.nq.gz
[2026-04-23T05:43:25Z] [iter=8] Step 1: Loading AST into disk-backed store mem_mb=78 MB
[2026-04-23T05:49:40Z] [iter=8] AST store loaded triples=27192739 load_secs=364 mem_mb=1113 MB
[2026-04-23T05:49:40Z] [iter=8] Step 2: Finding LSP targets mem_mb=1113 MB
[2026-04-23T05:51:35Z] [iter=8] LSP targets found call_sites=221461 imports=8555 extends=807 implements=0 secs=115
[2026-04-23T05:51:40Z] [iter=8] Loaded checkpoint partial graph triples=107897
[2026-04-23T05:53:21Z] [iter=8] Step 2.7: Building position index (one-shot, shared across resolvers) mem_mb=1113 MB
[2026-04-23T05:56:39Z] [iter=8] Position index built positions=1820097 nodes_with_types=2392291 secs=199 mem_mb=4036 MB
[2026-04-23T05:56:39Z] [iter=8] Step 3: Starting LSP resolution mem_mb=4036 MB already_completed_types=[] already_completed_files=26
[2026-04-23T05:56:39Z] [iter=8] Resolving target type target_type=call_site count=221461
[2026-04-23T05:56:41Z] [iter=8] HEARTBEAT target_type=call_site elapsed_min=13.8 files_done=0 resolved=0 errors=0 current=pandas/tests/frame/test_nonunique_indexes.py
[2026-04-23T06:08:46Z] [iter=8] HEARTBEAT target_type=call_site elapsed_min=25.9 files_done=1 resolved=1 errors=65 current=pandas/tests/util/test_hashing.py
[2026-04-23T06:23:54Z] [iter=8] HEARTBEAT target_type=call_site elapsed_min=41.0 files_done=2 resolved=75 errors=146 current=pandas/tests/io/parser/common/test_chunksize.py
[2026-04-23T06:33:38Z] [iter=8] HEARTBEAT target_type=call_site elapsed_min=50.8 files_done=3 resolved=128 errors=198 current=pandas/tests/io/formats/test_to_string.py
[2026-04-23T07:29:26Z] [iter=8] HEARTBEAT target_type=call_site elapsed_min=106.6 files_done=4 resolved=215 errors=497 current=pandas/tests/io/test_sql.py
[2026-04-23T09:43:39Z] [iter=8] CHECKPOINT TRIGGERED elapsed_min=240.8 files_completed=30 new_files_this_iter=4 mem_mb=4084 MB
[2026-04-23T09:43:39Z] [iter=8] Writing partial enrichment graph path=/home/runner/work/forx/forx/storage/aggregate/lsp/bb69be8a6c6af980f6dc89d641515502c41880a4.nq.gz triples=116317
[2026-04-23T09:43:41Z] [iter=8] Checkpoint written, exiting with code 7
[2026-04-23T09:43:41Z] [iter=8] PHASE END: enrich (checkpointed) elapsed_s=14447 elapsed_min=240.8 files_completed=30
